<?xml version="1.0" encoding="UTF-8"?>
<!-- Generated by org.testng.reporters.JUnitReportReporter -->
<testsuite hostname="DESKTOP-PJ4UTEF" failures="0" tests="2" name="GetApis.GetAPIRequestTest" time="3.441" errors="0" timestamp="2025-09-28T21:03:40 IST" skipped="0">
  <testcase classname="GetApis.GetAPIRequestTest" name="geWeatherUsingQueryParams" time="2.678"/>
  <testcase classname="GetApis.GetAPIRequestTest" name="getUsers" time="0.763"/>
</testsuite> <!-- GetApis.GetAPIRequestTest -->
